#
# There is insufficient memory for the Java Runtime Environment to continue.
# Native memory allocation (malloc) failed to allocate 109576192 bytes for committing reserved memory.
# Possible reasons:
#   The system is out of physical RAM or swap space
#   In 32 bit mode, the process size limit was hit
# Possible solutions:
#   Reduce memory load on the system
#   Increase physical memory or swap space
#   Check if swap backing store is full
#   Use 64 bit Java on a 64 bit OS
#   Decrease Java heap size (-Xmx/-Xms)
#   Decrease number of Java threads
#   Decrease Java thread stack sizes (-Xss)
#   Set larger code cache with -XX:ReservedCodeCacheSize=
# This output file may be truncated or incomplete.
#
#  Out of Memory Error (os_linux.cpp:2756), pid=10759, tid=139946550585088
#
# JRE version: Java(TM) SE Runtime Environment (7.0_80-b15) (build 1.7.0_80-b15)
# Java VM: Java HotSpot(TM) 64-Bit Server VM (24.80-b11 mixed mode linux-amd64 compressed oops)
# Failed to write core dump. Core dumps have been disabled. To enable core dumping, try "ulimit -c unlimited" before starting Java again
#

---------------  T H R E A D  ---------------

Current thread (0x00007f47dc06a000):  VMThread [stack: 0x00007f47d85f6000,0x00007f47d86f7000] [id=10769]

Stack: [0x00007f47d85f6000,0x00007f47d86f7000],  sp=0x00007f47d86f51c0,  free space=1020k
Native frames: (J=compiled Java code, j=interpreted, Vv=VM code, C=native code)
V  [libjvm.so+0x9a320a]  VMError::report_and_die()+0x2ea
V  [libjvm.so+0x498d3b]  report_vm_out_of_memory(char const*, int, unsigned long, char const*)+0x9b
V  [libjvm.so+0x82191e]  os::Linux::commit_memory_impl(char*, unsigned long, bool)+0xfe
V  [libjvm.so+0x821e69]  os::pd_commit_memory(char*, unsigned long, unsigned long, bool)+0x29
V  [libjvm.so+0x81bb6a]  os::commit_memory(char*, unsigned long, unsigned long, bool)+0x2a
V  [libjvm.so+0x88d623]  PSVirtualSpace::expand_by(unsigned long)+0x53
V  [libjvm.so+0x88e9f8]  PSYoungGen::resize_generation(unsigned long, unsigned long)+0xf8
V  [libjvm.so+0x88db62]  PSYoungGen::resize(unsigned long, unsigned long)+0x22
V  [libjvm.so+0x88af1d]  PSScavenge::invoke_no_policy()+0xf3d
V  [libjvm.so+0x88b761]  PSScavenge::invoke()+0x41
V  [libjvm.so+0x843f40]  ParallelScavengeHeap::failed_mem_allocate(unsigned long)+0x70
V  [libjvm.so+0x9a4a97]  VM_ParallelGCFailedAllocation::doit()+0x97
V  [libjvm.so+0x9abf35]  VM_Operation::evaluate()+0x55
V  [libjvm.so+0x9aa2fa]  VMThread::evaluate_operation(VM_Operation*)+0xba
V  [libjvm.so+0x9aa67e]  VMThread::loop()+0x1ce
V  [libjvm.so+0x9aaaf0]  VMThread::run()+0x70
V  [libjvm.so+0x8238c8]  java_start(Thread*)+0x108

VM_Operation (0x00007f47e47103e0): ParallelGCFailedAllocation, mode: safepoint, requested by thread 0x00007f47dc00a000


---------------  P R O C E S S  ---------------

Java Threads: ( => current thread )
  0x00007f47dc911800 JavaThread "resolver-5" daemon [_thread_blocked, id=10785, stack(0x00007f47bec18000,0x00007f47bed19000)]
  0x00007f47dc8d9000 JavaThread "resolver-4" daemon [_thread_blocked, id=10784, stack(0x00007f47bed19000,0x00007f47bee1a000)]
  0x00007f47dc8d8800 JavaThread "resolver-3" daemon [_thread_blocked, id=10783, stack(0x00007f47bee1a000,0x00007f47bef1b000)]
  0x00007f47dc8d5000 JavaThread "resolver-2" daemon [_thread_blocked, id=10782, stack(0x00007f47bef1b000,0x00007f47bf01c000)]
  0x00007f47dc8d4000 JavaThread "resolver-1" daemon [_thread_blocked, id=10781, stack(0x00007f47bf01c000,0x00007f47bf11d000)]
  0x00007f47dc4fc800 JavaThread "process reaper" daemon [_thread_blocked, id=10778, stack(0x00007f47d8079000,0x00007f47d80b2000)]
  0x00007f47dc098800 JavaThread "Service Thread" daemon [_thread_blocked, id=10775, stack(0x00007f47bf7cd000,0x00007f47bf8ce000)]
  0x00007f47dc096000 JavaThread "C2 CompilerThread1" daemon [_thread_blocked, id=10774, stack(0x00007f47d80f1000,0x00007f47d81f2000)]
  0x00007f47dc093000 JavaThread "C2 CompilerThread0" daemon [_thread_blocked, id=10773, stack(0x00007f47d81f2000,0x00007f47d82f3000)]
  0x00007f47dc091000 JavaThread "Signal Dispatcher" daemon [_thread_blocked, id=10772, stack(0x00007f47d82f3000,0x00007f47d83f4000)]
  0x00007f47dc070000 JavaThread "Finalizer" daemon [_thread_blocked, id=10771, stack(0x00007f47d83f4000,0x00007f47d84f5000)]
  0x00007f47dc06e000 JavaThread "Reference Handler" daemon [_thread_blocked, id=10770, stack(0x00007f47d84f5000,0x00007f47d85f6000)]
  0x00007f47dc00a000 JavaThread "main" [_thread_blocked, id=10762, stack(0x00007f47e4612000,0x00007f47e4713000)]

Other Threads:
=>0x00007f47dc06a000 VMThread [stack: 0x00007f47d85f6000,0x00007f47d86f7000] [id=10769]
  0x00007f47dc0a3000 WatcherThread [stack: 0x00007f47bf6cc000,0x00007f47bf7cd000] [id=10776]

VM state:at safepoint (normal execution)

VM Mutex/Monitor currently owned by a thread:  ([mutex/lock_event])
[0x00007f47dc006410] Threads_lock - owner thread: 0x00007f47dc06a000
[0x00007f47dc006910] Heap_lock - owner thread: 0x00007f47dc00a000

Heap
 PSYoungGen      total 216576K, used 7870K [0x00000007d6d00000, 0x00000007e5f00000, 0x0000000800000000)
  eden space 191488K, 0% used [0x00000007d6d00000,0x00000007d6d00000,0x00000007e2800000)
  from space 25088K, 31% used [0x00000007e2800000,0x00000007e2faf978,0x00000007e4080000)
  to   space 18944K, 0% used [0x00000007e4080000,0x00000007e4080000,0x00000007e5300000)
 ParOldGen       total 83968K, used 45682K [0x0000000784800000, 0x0000000789a00000, 0x00000007d6d00000)
  object space 83968K, 54% used [0x0000000784800000,0x000000078749c828,0x0000000789a00000)
 PSPermGen       total 24576K, used 24361K [0x000000077f600000, 0x0000000780e00000, 0x0000000784800000)
  object space 24576K, 99% used [0x000000077f600000,0x0000000780dca508,0x0000000780e00000)

Card table byte_map: [0x00007f47e14fd000,0x00007f47e1903000] byte_map_base: 0x00007f47dd902000

Polling page: 0x00007f47e4733000

Code Cache  [0x00007f47d9000000, 0x00007f47d9390000, 0x00007f47dc000000)
 total_blobs=1467 nmethods=1135 adapters=284 free_code_cache=45606Kb largest_free_block=46631552

Compilation events (10 events):
Event: 13.047 Thread 0x00007f47dc093000 nmethod 1291 0x00007f47d93848d0 code [0x00007f47d9384d00, 0x00007f47d9386068]
Event: 13.051 Thread 0x00007f47dc096000 nmethod 1295 0x00007f47d9370a90 code [0x00007f47d9370be0, 0x00007f47d9370e58]
Event: 13.079 Thread 0x00007f47dc093000 1296             java.util.ArrayList::remove (69 bytes)
Event: 13.082 Thread 0x00007f47dc093000 nmethod 1296 0x00007f47d937f090 code [0x00007f47d937f1e0, 0x00007f47d937f398]
Event: 13.100 Thread 0x00007f47dc096000 1297             java.lang.Boolean::toString (12 bytes)
Event: 13.100 Thread 0x00007f47dc096000 nmethod 1297 0x00007f47d937e310 code [0x00007f47d937e440, 0x00007f47d937e498]
Event: 13.187 Thread 0x00007f47dc093000 1298             java.net.URI$Parser::at (20 bytes)
Event: 13.189 Thread 0x00007f47dc093000 nmethod 1298 0x00007f47d937ec90 code [0x00007f47d937ede0, 0x00007f47d937eef8]
Event: 13.229 Thread 0x00007f47dc093000 1299             org.apache.felix.bundlerepository.impl.XmlWriter::newLine (19 bytes)
Event: 13.231 Thread 0x00007f47dc093000 nmethod 1299 0x00007f47d9379090 code [0x00007f47d93791e0, 0x00007f47d93792e8]

GC Heap History (10 events):
Event: 4.456 GC heap after
Heap after GC invocations=6 (full 0):
 PSYoungGen      total 71168K, used 6528K [0x00000007d6d00000, 0x00000007dbb00000, 0x0000000800000000)
  eden space 64000K, 0% used [0x00000007d6d00000,0x00000007d6d00000,0x00000007dab80000)
  from space 7168K, 91% used [0x00000007db300000,0x00000007db960020,0x00000007dba00000)
  to   space 7680K, 0% used [0x00000007dab80000,0x00000007dab80000,0x00000007db300000)
 ParOldGen       total 83968K, used 3827K [0x0000000784800000, 0x0000000789a00000, 0x00000007d6d00000)
  object space 83968K, 4% used [0x0000000784800000,0x0000000784bbcd00,0x0000000789a00000)
 PSPermGen       total 21504K, used 12635K [0x000000077f600000, 0x0000000780b00000, 0x0000000784800000)
  object space 21504K, 58% used [0x000000077f600000,0x0000000780256e30,0x0000000780b00000)
}
Event: 5.428 GC heap before
{Heap before GC invocations=7 (full 0):
 PSYoungGen      total 71168K, used 70528K [0x00000007d6d00000, 0x00000007dbb00000, 0x0000000800000000)
  eden space 64000K, 100% used [0x00000007d6d00000,0x00000007dab80000,0x00000007dab80000)
  from space 7168K, 91% used [0x00000007db300000,0x00000007db960020,0x00000007dba00000)
  to   space 7680K, 0% used [0x00000007dab80000,0x00000007dab80000,0x00000007db300000)
 ParOldGen       total 83968K, used 3827K [0x0000000784800000, 0x0000000789a00000, 0x00000007d6d00000)
  object space 83968K, 4% used [0x0000000784800000,0x0000000784bbcd00,0x0000000789a00000)
 PSPermGen       total 21504K, used 13244K [0x000000077f600000, 0x0000000780b00000, 0x0000000784800000)
  object space 21504K, 61% used [0x000000077f600000,0x00000007802ef128,0x0000000780b00000)
Event: 5.441 GC heap after
Heap after GC invocations=7 (full 0):
 PSYoungGen      total 71680K, used 7192K [0x00000007d6d00000, 0x00000007dfa00000, 0x0000000800000000)
  eden space 64000K, 0% used [0x00000007d6d00000,0x00000007d6d00000,0x00000007dab80000)
  from space 7680K, 93% used [0x00000007dab80000,0x00000007db286070,0x00000007db300000)
  to   space 8192K, 0% used [0x00000007df200000,0x00000007df200000,0x00000007dfa00000)
 ParOldGen       total 83968K, used 6037K [0x0000000784800000, 0x0000000789a00000, 0x00000007d6d00000)
  object space 83968K, 7% used [0x0000000784800000,0x0000000784de5580,0x0000000789a00000)
 PSPermGen       total 21504K, used 13244K [0x000000077f600000, 0x0000000780b00000, 0x0000000784800000)
  object space 21504K, 61% used [0x000000077f600000,0x00000007802ef128,0x0000000780b00000)
}
Event: 6.520 GC heap before
{Heap before GC invocations=8 (full 0):
 PSYoungGen      total 71680K, used 71192K [0x00000007d6d00000, 0x00000007dfa00000, 0x0000000800000000)
  eden space 64000K, 100% used [0x00000007d6d00000,0x00000007dab80000,0x00000007dab80000)
  from space 7680K, 93% used [0x00000007dab80000,0x00000007db286070,0x00000007db300000)
  to   space 8192K, 0% used [0x00000007df200000,0x00000007df200000,0x00000007dfa00000)
 ParOldGen       total 83968K, used 6037K [0x0000000784800000, 0x0000000789a00000, 0x00000007d6d00000)
  object space 83968K, 7% used [0x0000000784800000,0x0000000784de5580,0x0000000789a00000)
 PSPermGen       total 21504K, used 16977K [0x000000077f600000, 0x0000000780b00000, 0x0000000784800000)
  object space 21504K, 78% used [0x000000077f600000,0x00000007806946a0,0x0000000780b00000)
Event: 6.547 GC heap after
Heap after GC invocations=8 (full 0):
 PSYoungGen      total 131584K, used 8179K [0x00000007d6d00000, 0x00000007e0300000, 0x0000000800000000)
  eden space 123392K, 0% used [0x00000007d6d00000,0x00000007d6d00000,0x00000007de580000)
  from space 8192K, 99% used [0x00000007df200000,0x00000007df9fcf80,0x00000007dfa00000)
  to   space 12800K, 0% used [0x00000007de580000,0x00000007de580000,0x00000007df200000)
 ParOldGen       total 83968K, used 15483K [0x0000000784800000, 0x0000000789a00000, 0x00000007d6d00000)
  object space 83968K, 18% used [0x0000000784800000,0x000000078571ecd8,0x0000000789a00000)
 PSPermGen       total 21504K, used 16977K [0x000000077f600000, 0x0000000780b00000, 0x0000000784800000)
  object space 21504K, 78% used [0x000000077f600000,0x00000007806946a0,0x0000000780b00000)
}
Event: 8.358 GC heap before
{Heap before GC invocations=9 (full 0):
 PSYoungGen      total 131584K, used 131571K [0x00000007d6d00000, 0x00000007e0300000, 0x0000000800000000)
  eden space 123392K, 100% used [0x00000007d6d00000,0x00000007de580000,0x00000007de580000)
  from space 8192K, 99% used [0x00000007df200000,0x00000007df9fcf80,0x00000007dfa00000)
  to   space 12800K, 0% used [0x00000007de580000,0x00000007de580000,0x00000007df200000)
 ParOldGen       total 83968K, used 15483K [0x0000000784800000, 0x0000000789a00000, 0x00000007d6d00000)
  object space 83968K, 18% used [0x0000000784800000,0x000000078571ecd8,0x0000000789a00000)
 PSPermGen       total 21504K, used 18537K [0x000000077f600000, 0x0000000780b00000, 0x0000000784800000)
  object space 21504K, 86% used [0x000000077f600000,0x000000078081a450,0x0000000780b00000)
Event: 8.401 GC heap after
Heap after GC invocations=9 (full 0):
 PSYoungGen      total 136192K, used 12781K [0x00000007d6d00000, 0x00000007e5300000, 0x0000000800000000)
  eden space 123392K, 0% used [0x00000007d6d00000,0x00000007d6d00000,0x00000007de580000)
  from space 12800K, 99% used [0x00000007de580000,0x00000007df1fb608,0x00000007df200000)
  to   space 18944K, 0% used [0x00000007e4080000,0x00000007e4080000,0x00000007e5300000)
 ParOldGen       total 83968K, used 26339K [0x0000000784800000, 0x0000000789a00000, 0x00000007d6d00000)
  object space 83968K, 31% used [0x0000000784800000,0x00000007861b8cf8,0x0000000789a00000)
 PSPermGen       total 21504K, used 18537K [0x000000077f600000, 0x0000000780b00000, 0x0000000784800000)
  object space 21504K, 86% used [0x000000077f600000,0x000000078081a450,0x0000000780b00000)
}
Event: 11.656 GC heap before
{Heap before GC invocations=10 (full 0):
 PSYoungGen      total 136192K, used 136173K [0x00000007d6d00000, 0x00000007e5300000, 0x0000000800000000)
  eden space 123392K, 100% used [0x00000007d6d00000,0x00000007de580000,0x00000007de580000)
  from space 12800K, 99% used [0x00000007de580000,0x00000007df1fb608,0x00000007df200000)
  to   space 18944K, 0% used [0x00000007e4080000,0x00000007e4080000,0x00000007e5300000)
 ParOldGen       total 83968K, used 26339K [0x0000000784800000, 0x0000000789a00000, 0x00000007d6d00000)
  object space 83968K, 31% used [0x0000000784800000,0x00000007861b8cf8,0x0000000789a00000)
 PSPermGen       total 21504K, used 21290K [0x000000077f600000, 0x0000000780b00000, 0x0000000784800000)
  object space 21504K, 99% used [0x000000077f600000,0x0000000780acab08,0x0000000780b00000)
Event: 11.688 GC heap after
Heap after GC invocations=10 (full 0):
 PSYoungGen      total 210432K, used 18937K [0x00000007d6d00000, 0x00000007e5f00000, 0x0000000800000000)
  eden space 191488K, 0% used [0x00000007d6d00000,0x00000007d6d00000,0x00000007e2800000)
  from space 18944K, 99% used [0x00000007e4080000,0x00000007e52fe428,0x00000007e5300000)
  to   space 25088K, 0% used [0x00000007e2800000,0x00000007e2800000,0x00000007e4080000)
 ParOldGen       total 83968K, used 35748K [0x0000000784800000, 0x0000000789a00000, 0x00000007d6d00000)
  object space 83968K, 42% used [0x0000000784800000,0x0000000786ae92c0,0x0000000789a00000)
 PSPermGen       total 21504K, used 21290K [0x000000077f600000, 0x0000000780b00000, 0x0000000784800000)
  object space 21504K, 99% used [0x000000077f600000,0x0000000780acab08,0x0000000780b00000)
}
Event: 13.234 GC heap before
{Heap before GC invocations=11 (full 0):
 PSYoungGen      total 210432K, used 210425K [0x00000007d6d00000, 0x00000007e5f00000, 0x0000000800000000)
  eden space 191488K, 100% used [0x00000007d6d00000,0x00000007e2800000,0x00000007e2800000)
  from space 18944K, 99% used [0x00000007e4080000,0x00000007e52fe428,0x00000007e5300000)
  to   space 25088K, 0% used [0x00000007e2800000,0x00000007e2800000,0x00000007e4080000)
 ParOldGen       total 83968K, used 35748K [0x0000000784800000, 0x0000000789a00000, 0x00000007d6d00000)
  object space 83968K, 42% used [0x0000000784800000,0x0000000786ae92c0,0x0000000789a00000)
 PSPermGen       total 24576K, used 24361K [0x000000077f600000, 0x0000000780e00000, 0x0000000784800000)
  object space 24576K, 99% used [0x000000077f600000,0x0000000780dca508,0x0000000780e00000)

Deoptimization events (10 events):
Event: 12.379 Thread 0x00007f47dc00a000 Uncommon trap: reason=predicate action=maybe_recompile pc=0x00007f47d91a3584 method=java.util.StringTokenizer.skipDelimiters(I)I @ 17
Event: 12.390 Thread 0x00007f47dc00a000 Uncommon trap: reason=unstable_if action=reinterpret pc=0x00007f47d9278050 method=java.util.regex.Pattern$CharProperty.match(Ljava/util/regex/Matcher;ILjava/lang/CharSequence;)Z @ 40
Event: 12.396 Thread 0x00007f47dc00a000 Uncommon trap: reason=unstable_if action=reinterpret pc=0x00007f47d931ebb0 method=org.kxml2.io.KXmlParser.peek(I)I @ 36
Event: 12.411 Thread 0x00007f47dc00a000 Uncommon trap: reason=unstable_if action=reinterpret pc=0x00007f47d9095158 method=org.kxml2.io.KXmlParser.push(I)V @ 29
Event: 12.442 Thread 0x00007f47dc00a000 Uncommon trap: reason=unstable_if action=reinterpret pc=0x00007f47d917fa84 method=org.kxml2.io.KXmlParser.push(I)V @ 29
Event: 12.801 Thread 0x00007f47dc00a000 Uncommon trap: reason=unstable_if action=reinterpret pc=0x00007f47d91cc660 method=java.net.URI.match(CJJ)Z @ 45
Event: 12.801 Thread 0x00007f47dc00a000 Uncommon trap: reason=unstable_if action=reinterpret pc=0x00007f47d91b8cac method=java.net.URI.match(CJJ)Z @ 19
Event: 12.801 Thread 0x00007f47dc00a000 Uncommon trap: reason=unstable_if action=reinterpret pc=0x00007f47d9138b6c method=java.net.URI.match(CJJ)Z @ 19
Event: 12.804 Thread 0x00007f47dc00a000 Uncommon trap: reason=unstable_if action=reinterpret pc=0x00007f47d93255b8 method=java.util.regex.Matcher.replaceAll(Ljava/lang/String;)Ljava/lang/String; @ 11
Event: 12.810 Thread 0x00007f47dc00a000 Uncommon trap: reason=unstable_if action=reinterpret pc=0x00007f47d9266f4c method=sun.nio.cs.UTF_8$Encoder.encodeArrayLoop(Ljava/nio/CharBuffer;Ljava/nio/ByteBuffer;)Ljava/nio/charset/CoderResult; @ 113

Internal exceptions (10 events):
Event: 12.786 Thread 0x00007f47dc00a000 Threw 0x00000007db2f3930 at /HUDSON/workspace/7u-2-build-linux-amd64/jdk7u80/2329/hotspot/src/share/vm/prims/jvm.cpp:1319
Event: 12.786 Thread 0x00007f47dc00a000 Threw 0x00000007db2f4388 at /HUDSON/workspace/7u-2-build-linux-amd64/jdk7u80/2329/hotspot/src/share/vm/prims/jvm.cpp:1319
Event: 12.787 Thread 0x00007f47dc00a000 Threw 0x00000007db2f73f8 at /HUDSON/workspace/7u-2-build-linux-amd64/jdk7u80/2329/hotspot/src/share/vm/prims/jvm.cpp:1319
Event: 12.787 Thread 0x00007f47dc00a000 Threw 0x00000007db2f7e30 at /HUDSON/workspace/7u-2-build-linux-amd64/jdk7u80/2329/hotspot/src/share/vm/prims/jvm.cpp:1319
Event: 12.790 Thread 0x00007f47dc00a000 Threw 0x00000007db306ec0 at /HUDSON/workspace/7u-2-build-linux-amd64/jdk7u80/2329/hotspot/src/share/vm/prims/jvm.cpp:1319
Event: 12.790 Thread 0x00007f47dc00a000 Threw 0x00000007db307920 at /HUDSON/workspace/7u-2-build-linux-amd64/jdk7u80/2329/hotspot/src/share/vm/prims/jvm.cpp:1319
Event: 12.795 Thread 0x00007f47dc00a000 Threw 0x00000007db33c9d8 at /HUDSON/workspace/7u-2-build-linux-amd64/jdk7u80/2329/hotspot/src/share/vm/prims/jvm.cpp:1319
Event: 12.795 Thread 0x00007f47dc00a000 Threw 0x00000007db33d498 at /HUDSON/workspace/7u-2-build-linux-amd64/jdk7u80/2329/hotspot/src/share/vm/prims/jvm.cpp:1319
Event: 12.797 Thread 0x00007f47dc00a000 Threw 0x00000007db343c90 at /HUDSON/workspace/7u-2-build-linux-amd64/jdk7u80/2329/hotspot/src/share/vm/prims/jvm.cpp:1319
Event: 12.797 Thread 0x00007f47dc00a000 Threw 0x00000007db3447a8 at /HUDSON/workspace/7u-2-build-linux-amd64/jdk7u80/2329/hotspot/src/share/vm/prims/jvm.cpp:1319

Events (10 events):
Event: 12.801 Thread 0x00007f47dc00a000 Uncommon trap: trap_request=0xffffff75 fr.pc=0x00007f47d9138b6c
Event: 12.801 Thread 0x00007f47dc00a000 DEOPT PACKING pc=0x00007f47d9138b6c sp=0x00007f47e4710180
Event: 12.802 Thread 0x00007f47dc00a000 DEOPT UNPACKING pc=0x00007f47d9039445 sp=0x00007f47e4710158 mode 2
Event: 12.804 Thread 0x00007f47dc00a000 Uncommon trap: trap_request=0xffffff75 fr.pc=0x00007f47d93255b8
Event: 12.804 Thread 0x00007f47dc00a000 DEOPT PACKING pc=0x00007f47d93255b8 sp=0x00007f47e47104f0
Event: 12.804 Thread 0x00007f47dc00a000 DEOPT UNPACKING pc=0x00007f47d9039445 sp=0x00007f47e47104b8 mode 2
Event: 12.810 Thread 0x00007f47dc00a000 Uncommon trap: trap_request=0xffffff75 fr.pc=0x00007f47d9266f4c
Event: 12.810 Thread 0x00007f47dc00a000 DEOPT PACKING pc=0x00007f47d9266f4c sp=0x00007f47e4710180
Event: 12.810 Thread 0x00007f47dc00a000 DEOPT UNPACKING pc=0x00007f47d9039445 sp=0x00007f47e4710128 mode 2
Event: 13.234 Executing VM operation: ParallelGCFailedAllocation


Dynamic libraries:
00400000-00401000 r-xp 00000000 08:06 7870277                            /usr/lib/jvm/java-7-oracle/bin/java
00600000-00601000 rw-p 00000000 08:06 7870277                            /usr/lib/jvm/java-7-oracle/bin/java
01125000-01146000 rw-p 00000000 00:00 0                                  [heap]
77f600000-780e00000 rw-p 00000000 00:00 0 
780e00000-784800000 rw-p 00000000 00:00 0 
784800000-789a00000 rw-p 00000000 00:00 0 
789a00000-7d6d00000 rw-p 00000000 00:00 0 
7d6d00000-7e5f00000 rw-p 00000000 00:00 0 
7ec780000-800000000 rw-p 00000000 00:00 0 
7f4778000000-7f4778021000 rw-p 00000000 00:00 0 
7f4778021000-7f477c000000 ---p 00000000 00:00 0 
7f4780000000-7f4780021000 rw-p 00000000 00:00 0 
7f4780021000-7f4784000000 ---p 00000000 00:00 0 
7f4784000000-7f4784021000 rw-p 00000000 00:00 0 
7f4784021000-7f4788000000 ---p 00000000 00:00 0 
7f4788000000-7f4788021000 rw-p 00000000 00:00 0 
7f4788021000-7f478c000000 ---p 00000000 00:00 0 
7f478c000000-7f478c021000 rw-p 00000000 00:00 0 
7f478c021000-7f4790000000 ---p 00000000 00:00 0 
7f4790000000-7f4790021000 rw-p 00000000 00:00 0 
7f4790021000-7f4794000000 ---p 00000000 00:00 0 
7f4794000000-7f4794021000 rw-p 00000000 00:00 0 
7f4794021000-7f4798000000 ---p 00000000 00:00 0 
7f4798000000-7f4798021000 rw-p 00000000 00:00 0 
7f4798021000-7f479c000000 ---p 00000000 00:00 0 
7f479c000000-7f479c021000 rw-p 00000000 00:00 0 
7f479c021000-7f47a0000000 ---p 00000000 00:00 0 
7f47a0000000-7f47a0021000 rw-p 00000000 00:00 0 
7f47a0021000-7f47a4000000 ---p 00000000 00:00 0 
7f47a4000000-7f47a4021000 rw-p 00000000 00:00 0 
7f47a4021000-7f47a8000000 ---p 00000000 00:00 0 
7f47a8000000-7f47a8edf000 rw-p 00000000 00:00 0 
7f47a8edf000-7f47ac000000 ---p 00000000 00:00 0 
7f47ac000000-7f47aca9e000 rw-p 00000000 00:00 0 
7f47aca9e000-7f47b0000000 ---p 00000000 00:00 0 
7f47b0000000-7f47b0021000 rw-p 00000000 00:00 0 
7f47b0021000-7f47b4000000 ---p 00000000 00:00 0 
7f47b4000000-7f47b4021000 rw-p 00000000 00:00 0 
7f47b4021000-7f47b8000000 ---p 00000000 00:00 0 
7f47b8000000-7f47b8021000 rw-p 00000000 00:00 0 
7f47b8021000-7f47bc000000 ---p 00000000 00:00 0 
7f47be65b000-7f47be666000 r--s 0037c000 08:06 9064466                    /usr/lib/jvm/java-7-oracle/jre/lib/charsets.jar
7f47be666000-7f47be670000 r--s 00253000 08:06 9065440                    /usr/lib/jvm/java-7-oracle/jre/lib/resources.jar
7f47be915000-7f47be918000 ---p 00000000 00:00 0 
7f47be918000-7f47bea16000 rw-p 00000000 00:00 0 
7f47bea16000-7f47bea19000 ---p 00000000 00:00 0 
7f47bea19000-7f47beb17000 rw-p 00000000 00:00 0 
7f47beb17000-7f47beb1a000 ---p 00000000 00:00 0 
7f47beb1a000-7f47bec18000 rw-p 00000000 00:00 0 
7f47bec18000-7f47bec1b000 ---p 00000000 00:00 0 
7f47bec1b000-7f47bed19000 rw-p 00000000 00:00 0                          [stack:10785]
7f47bed19000-7f47bed1c000 ---p 00000000 00:00 0 
7f47bed1c000-7f47bee1a000 rw-p 00000000 00:00 0                          [stack:10784]
7f47bee1a000-7f47bee1d000 ---p 00000000 00:00 0 
7f47bee1d000-7f47bef1b000 rw-p 00000000 00:00 0                          [stack:10783]
7f47bef1b000-7f47bef1e000 ---p 00000000 00:00 0 
7f47bef1e000-7f47bf01c000 rw-p 00000000 00:00 0                          [stack:10782]
7f47bf01c000-7f47bf01f000 ---p 00000000 00:00 0 
7f47bf01f000-7f47bf11d000 rw-p 00000000 00:00 0                          [stack:10781]
7f47bf11d000-7f47bf16a000 r--s 00379000 08:06 6425735                    /home/skwakwa/.m2/repository/org/ops4j/pax/url/pax-url-aether/1.6.0/pax-url-aether-1.6.0.jar
7f47bf20a000-7f47bf20b000 rw-p 00000000 00:00 0 
7f47bf20b000-7f47bf20f000 r--s 00037000 08:06 6293966                    /home/skwakwa/.m2/repository/org/codehaus/plexus/plexus-utils/3.0.15/plexus-utils-3.0.15.jar
7f47bf20f000-7f47bf212000 r--s 00023000 08:06 6423518                    /home/skwakwa/.m2/repository/org/apache/maven/shared/maven-shared-utils/0.4/maven-shared-utils-0.4.jar
7f47bf212000-7f47bf218000 r--s 00033000 08:06 6029534                    /home/skwakwa/.m2/repository/commons-codec/commons-codec/1.6/commons-codec-1.6.jar
7f47bf218000-7f47bf21a000 r--s 00007000 08:06 6424067                    /home/skwakwa/.m2/repository/org/apache/maven/plugins/maven-install-plugin/2.5.2/maven-install-plugin-2.5.2.jar
7f47bf21a000-7f47bf21c000 r--s 00002000 08:06 6423827                    /home/skwakwa/.m2/repository/org/apache/maven/plugin-tools/maven-plugin-annotations/3.3/maven-plugin-annotations-3.3.jar
7f47bf21c000-7f47bf221000 r--s 00020000 08:06 6425033                    /home/skwakwa/.m2/repository/org/apache/maven/surefire/surefire-api/2.18.1/surefire-api-2.18.1.jar
7f47bf221000-7f47bf227000 r--s 00048000 08:06 6292829                    /home/skwakwa/.m2/repository/org/apache/commons/commons-lang3/3.1/commons-lang3-3.1.jar
7f47bf227000-7f47bf229000 r--s 00002000 08:06 6162768                    /home/skwakwa/.m2/repository/org/sonatype/plexus/plexus-cipher/1.4/plexus-cipher-1.4.jar
7f47bf229000-7f47bf22a000 r--s 00006000 08:06 6162784                    /home/skwakwa/.m2/repository/org/sonatype/plexus/plexus-sec-dispatcher/1.3/plexus-sec-dispatcher-1.3.jar
7f47bf22a000-7f47bf22b000 r--s 00002000 08:06 6423667                    /home/skwakwa/.m2/repository/org/apache/maven/reporting/maven-reporting-api/3.0/maven-reporting-api-3.0.jar
7f47bf22b000-7f47bf22d000 r--s 00003000 08:06 6030294                    /home/skwakwa/.m2/repository/org/slf4j/jcl-over-slf4j/1.5.6/jcl-over-slf4j-1.5.6.jar
7f47bf22d000-7f47bf22f000 r--s 00004000 08:06 6030197                    /home/skwakwa/.m2/repository/org/slf4j/slf4j-api/1.5.6/slf4j-api-1.5.6.jar
7f47bf22f000-7f47bf231000 r--s 00001000 08:06 6030299                    /home/skwakwa/.m2/repository/org/slf4j/slf4j-jdk14/1.5.6/slf4j-jdk14-1.5.6.jar
7f47bf231000-7f47bf239000 r--s 00049000 08:06 5898766                    /home/skwakwa/.m2/repository/backport-util-concurrent/backport-util-concurrent/3.1/backport-util-concurrent-3.1.jar
7f47bf239000-7f47bf2a4000 r--s 00e21000 08:06 7995769                    /usr/lib/jvm/java-7-oracle/lib/tools.jar
7f47bf2a4000-7f47bf2bb000 r-xp 00000000 08:06 9198837                    /usr/lib/jvm/java-7-oracle/jre/lib/amd64/libnet.so
7f47bf2bb000-7f47bf4ba000 ---p 00017000 08:06 9198837                    /usr/lib/jvm/java-7-oracle/jre/lib/amd64/libnet.so
7f47bf4ba000-7f47bf4bb000 rw-p 00016000 08:06 9198837                    /usr/lib/jvm/java-7-oracle/jre/lib/amd64/libnet.so
7f47bf4bb000-7f47bf4cb000 r-xp 00000000 08:06 9198807                    /usr/lib/jvm/java-7-oracle/jre/lib/amd64/libnio.so
7f47bf4cb000-7f47bf6cb000 ---p 00010000 08:06 9198807                    /usr/lib/jvm/java-7-oracle/jre/lib/amd64/libnio.so
7f47bf6cb000-7f47bf6cc000 rw-p 00010000 08:06 9198807                    /usr/lib/jvm/java-7-oracle/jre/lib/amd64/libnio.so
7f47bf6cc000-7f47bf6cd000 ---p 00000000 00:00 0 
7f47bf6cd000-7f47bf7cd000 rw-p 00000000 00:00 0                          [stack:10776]
7f47bf7cd000-7f47bf7d0000 ---p 00000000 00:00 0 
7f47bf7d0000-7f47bf8ce000 rw-p 00000000 00:00 0                          [stack:10775]
7f47bf8ce000-7f47bffb0000 r--p 00000000 08:06 7871301                    /usr/lib/locale/locale-archive
7f47bffb0000-7f47c4000000 rw-p 00000000 00:00 0 
7f47c4000000-7f47c4021000 rw-p 00000000 00:00 0 
7f47c4021000-7f47c8000000 ---p 00000000 00:00 0 
7f47c8000000-7f47c824e000 rw-p 00000000 00:00 0 
7f47c824e000-7f47cc000000 ---p 00000000 00:00 0 
7f47cc000000-7f47cc021000 rw-p 00000000 00:00 0 
7f47cc021000-7f47d0000000 ---p 00000000 00:00 0 
7f47d0000000-7f47d0021000 rw-p 00000000 00:00 0 
7f47d0021000-7f47d4000000 ---p 00000000 00:00 0 
7f47d4000000-7f47d4021000 rw-p 00000000 00:00 0 
7f47d4021000-7f47d8000000 ---p 00000000 00:00 0 
7f47d8000000-7f47d8002000 r--s 0000b000 08:06 6293727                    /home/skwakwa/.m2/repository/org/codehaus/plexus/plexus-interpolation/1.11/plexus-interpolation-1.11.jar
7f47d8002000-7f47d8006000 r--s 00034000 08:06 6294051                    /home/skwakwa/.m2/repository/org/codehaus/plexus/plexus-utils/1.5.15/plexus-utils-1.5.15.jar
7f47d8006000-7f47d8008000 r--s 00008000 08:06 6424949                    /home/skwakwa/.m2/repository/org/apache/maven/surefire/surefire-booter/2.18.1/surefire-booter-2.18.1.jar
7f47d8008000-7f47d800e000 r--s 0003e000 08:06 6424887                    /home/skwakwa/.m2/repository/org/apache/maven/surefire/maven-surefire-common/2.18.1/maven-surefire-common-2.18.1.jar
7f47d800e000-7f47d8010000 r--s 00008000 08:06 6424535                    /home/skwakwa/.m2/repository/org/apache/maven/plugins/maven-surefire-plugin/2.18.1/maven-surefire-plugin-2.18.1.jar
7f47d8010000-7f47d8013000 r--s 0001b000 08:06 5768832                    /home/skwakwa/.m2/repository/junit/junit/3.8.2/junit-3.8.2.jar
7f47d8013000-7f47d8021000 r--s 0008f000 08:06 6294738                    /home/skwakwa/.m2/repository/com/google/collections/google-collections/1.0/google-collections-1.0.jar
7f47d8021000-7f47d8022000 r--s 0000a000 08:06 5768728                    /home/skwakwa/.m2/repository/commons-logging/commons-logging-api/1.1/commons-logging-api-1.1.jar
7f47d8022000-7f47d8029000 r--s 00051000 08:06 5899248                    /home/skwakwa/.m2/repository/log4j/log4j/1.2.12/log4j-1.2.12.jar
7f47d8029000-7f47d802d000 r--s 0001d000 08:06 6292892                    /home/skwakwa/.m2/repository/org/apache/xbean/xbean-reflect/3.4/xbean-reflect-3.4.jar
7f47d802d000-7f47d802e000 r--s 00004000 08:06 6294200                    /home/skwakwa/.m2/repository/org/codehaus/plexus/plexus-compiler-javac/2.2/plexus-compiler-javac-2.2.jar
7f47d802e000-7f47d8030000 r--s 00000000 08:06 6294098                    /home/skwakwa/.m2/repository/org/codehaus/plexus/plexus-compiler-manager/2.2/plexus-compiler-manager-2.2.jar
7f47d8030000-7f47d8032000 r--s 00005000 08:06 6294363                    /home/skwakwa/.m2/repository/org/codehaus/plexus/plexus-compiler-api/2.2/plexus-compiler-api-2.2.jar
7f47d8032000-7f47d8034000 r--s 00000000 08:06 6293777                    /home/skwakwa/.m2/repository/org/codehaus/plexus/plexus-component-annotations/1.5.5/plexus-component-annotations-1.5.5.jar
7f47d8034000-7f47d8036000 r--s 00002000 08:06 6423476                    /home/skwakwa/.m2/repository/org/apache/maven/shared/maven-shared-incremental/1.1/maven-shared-incremental-1.1.jar
7f47d8036000-7f47d8038000 r--s 00006000 08:06 6425992                    /home/skwakwa/.m2/repository/com/google/code/findbugs/jsr305/2.0.1/jsr305-2.0.1.jar
7f47d8038000-7f47d803b000 r--s 00023000 08:06 6423510                    /home/skwakwa/.m2/repository/org/apache/maven/shared/maven-shared-utils/0.1/maven-shared-utils-0.1.jar
7f47d803b000-7f47d803f000 r--s 00030000 08:06 6294000                    /home/skwakwa/.m2/repository/org/codehaus/plexus/plexus-utils/1.5.1/plexus-utils-1.5.1.jar
7f47d803f000-7f47d8041000 r--s 00009000 08:06 6424355                    /home/skwakwa/.m2/repository/org/apache/maven/plugins/maven-compiler-plugin/3.1/maven-compiler-plugin-3.1.jar
7f47d8041000-7f47d8042000 r--s 00001000 08:06 6162760                    /home/skwakwa/.m2/repository/org/sonatype/plexus/plexus-build-api/0.0.4/plexus-build-api-0.0.4.jar
7f47d8042000-7f47d8044000 r--s 00009000 08:06 6423546                    /home/skwakwa/.m2/repository/org/apache/maven/shared/maven-filtering/1.1/maven-filtering-1.1.jar
7f47d8044000-7f47d8045000 r--s 00002000 08:06 6423711                    /home/skwakwa/.m2/repository/org/apache/maven/reporting/maven-reporting-api/2.0.6/maven-reporting-api-2.0.6.jar
7f47d8045000-7f47d8047000 r--s 00006000 08:06 6424616                    /home/skwakwa/.m2/repository/org/apache/maven/plugins/maven-resources-plugin/2.6/maven-resources-plugin-2.6.jar
7f47d8047000-7f47d804b000 r--s 00033000 08:06 6294039                    /home/skwakwa/.m2/repository/org/codehaus/plexus/plexus-utils/2.0.5/plexus-utils-2.0.5.jar
7f47d804b000-7f47d804c000 r--s 00005000 08:06 6424205                    /home/skwakwa/.m2/repository/org/apache/maven/plugins/maven-clean-plugin/2.4.1/maven-clean-plugin-2.4.1.jar
7f47d804c000-7f47d804f000 r--s 00034000 08:06 6294017                    /home/skwakwa/.m2/repository/org/codehaus/plexus/plexus-utils/2.1/plexus-utils-2.1.jar
7f47d804f000-7f47d8051000 r--s 00007000 08:06 6423472                    /home/skwakwa/.m2/repository/org/apache/maven/shared/maven-dependency-tree/1.2/maven-dependency-tree-1.2.jar
7f47d8051000-7f47d8053000 r--s 0000d000 08:06 6293741                    /home/skwakwa/.m2/repository/org/codehaus/plexus/plexus-interpolation/1.13/plexus-interpolation-1.13.jar
7f47d8053000-7f47d8056000 r--s 0000a000 08:06 6293818                    /home/skwakwa/.m2/repository/org/codehaus/plexus/plexus-io/1.0/plexus-io-1.0.jar
7f47d8056000-7f47d805a000 r--s 00028000 08:06 6294241                    /home/skwakwa/.m2/repository/org/codehaus/plexus/plexus-archiver/1.0/plexus-archiver-1.0.jar
7f47d805a000-7f47d805b000 r--s 00004000 08:06 6033037                    /home/skwakwa/.m2/repository/org/apache/maven/maven-archiver/2.4.1/maven-archiver-2.4.1.jar
7f47d805b000-7f47d805d000 r--s 00002000 08:06 6293764                    /home/skwakwa/.m2/repository/org/codehaus/plexus/plexus-interactivity-api/1.0-alpha-4/plexus-interactivity-api-1.0-alpha-4.jar
7f47d805d000-7f47d805f000 r--s 00006000 08:06 5768739                    /home/skwakwa/.m2/repository/commons-cli/commons-cli/1.0/commons-cli-1.0.jar
7f47d805f000-7f47d8062000 r--s 0001b000 08:06 5768804                    /home/skwakwa/.m2/repository/junit/junit/3.8.1/junit-3.8.1.jar
7f47d8062000-7f47d8063000 r--s 00001000 08:06 6425322                    /home/skwakwa/.m2/repository/org/apache/maven/doxia/doxia-sink-api/1.0-alpha-7/doxia-sink-api-1.0-alpha-7.jar
7f47d8063000-7f47d8064000 r--s 00002000 08:06 6423688                    /home/skwakwa/.m2/repository/org/apache/maven/reporting/maven-reporting-api/2.0.7/maven-reporting-api-2.0.7.jar
7f47d8064000-7f47d8066000 r--s 00012000 08:06 6160658                    /home/skwakwa/.m2/repository/org/easymock/easymock/2.4/easymock-2.4.jar
7f47d8066000-7f47d806a000 r--s 00024000 08:06 6160601                    /home/skwakwa/.m2/repository/org/osgi/org.osgi.core/4.1.0/org.osgi.core-4.1.0.jar
7f47d806a000-7f47d806e000 r--s 00026000 08:06 6163151                    /home/skwakwa/.m2/repository/org/apache/felix/org.apache.felix.bundlerepository/1.6.6/org.apache.felix.bundlerepository-1.6.6.jar
7f47d806e000-7f47d8077000 r--s 0009d000 08:06 6029985                    /home/skwakwa/.m2/repository/biz/aQute/bndlib/1.43.0/bndlib-1.43.0.jar
7f47d8077000-7f47d8079000 r--s 0001c000 08:06 6163094                    /home/skwakwa/.m2/repository/org/apache/felix/maven-bundle-plugin/2.3.5/maven-bundle-plugin-2.3.5.jar
7f47d8079000-7f47d807c000 ---p 00000000 00:00 0 
7f47d807c000-7f47d80b2000 rw-p 00000000 00:00 0                          [stack:10778]
7f47d80b2000-7f47d80b6000 r--s 0008b000 08:06 9065428                    /usr/lib/jvm/java-7-oracle/jre/lib/jsse.jar
7f47d80b6000-7f47d80b8000 r--s 0000c000 08:06 5375211                    /home/skwakwa/app/netbeans-8.0.2/java/maven-nblib/netbeans-eventspy.jar
7f47d80b8000-7f47d80bd000 r--s 00020000 08:06 5375142                    /home/skwakwa/app/netbeans-8.0.2/java/maven/lib/maven-model-builder-3.0.5.jar
7f47d80bd000-7f47d80c0000 r--s 00025000 08:06 5375220                    /home/skwakwa/app/netbeans-8.0.2/java/maven/lib/maven-model-3.0.5.jar
7f47d80c0000-7f47d80f1000 rw-p 00000000 00:00 0 
7f47d80f1000-7f47d80f4000 ---p 00000000 00:00 0 
7f47d80f4000-7f47d81f2000 rw-p 00000000 00:00 0                          [stack:10774]
7f47d81f2000-7f47d81f5000 ---p 00000000 00:00 0 
7f47d81f5000-7f47d82f3000 rw-p 00000000 00:00 0                          [stack:10773]
7f47d82f3000-7f47d82f6000 ---p 00000000 00:00 0 
7f47d82f6000-7f47d83f4000 rw-p 00000000 00:00 0                          [stack:10772]
7f47d83f4000-7f47d83f7000 ---p 00000000 00:00 0 
7f47d83f7000-7f47d84f5000 rw-p 00000000 00:00 0                          [stack:10771]
7f47d84f5000-7f47d84f8000 ---p 00000000 00:00 0 
7f47d84f8000-7f47d85f6000 rw-p 00000000 00:00 0                          [stack:10770]
7f47d85f6000-7f47d85f7000 ---p 00000000 00:00 0 
7f47d85f7000-7f47d9000000 rw-p 00000000 00:00 0                          [stack:10769]
7f47d9000000-7f47d9390000 rwxp 00000000 00:00 0 
7f47d9390000-7f47dd1ea000 rw-p 00000000 00:00 0 
7f47dd1ea000-7f47e0000000 ---p 00000000 00:00 0 
7f47e0000000-7f47e0002000 r--s 0000c000 08:06 5375109                    /home/skwakwa/app/netbeans-8.0.2/java/maven/lib/maven-aether-provider-3.0.5.jar
7f47e0002000-7f47e0004000 r--s 0000b000 08:06 5375201                    /home/skwakwa/app/netbeans-8.0.2/java/maven/lib/maven-artifact-3.0.5.jar
7f47e0004000-7f47e0022000 r--s 0014f000 08:06 5375229                    /home/skwakwa/app/netbeans-8.0.2/java/maven/lib/sisu-guava-0.9.9.jar
7f47e0022000-7f47e0024000 r--s 00006000 08:06 5375004                    /home/skwakwa/app/netbeans-8.0.2/java/maven/lib/maven-repository-metadata-3.0.5.jar
7f47e0024000-7f47e0028000 r--s 00012000 08:06 5375222                    /home/skwakwa/app/netbeans-8.0.2/java/maven/lib/aether-api-1.13.1.jar
7f47e0028000-7f47e002b000 r--s 00033000 08:06 5375214                    /home/skwakwa/app/netbeans-8.0.2/java/maven/lib/plexus-utils-2.0.6.jar
7f47e002b000-7f47e0032000 r--s 0003e000 08:06 5375188                    /home/skwakwa/app/netbeans-8.0.2/java/maven/lib/sisu-inject-bean-2.3.0.jar
7f47e0032000-7f47e0035000 r--s 00008000 08:06 5375093                    /home/skwakwa/app/netbeans-8.0.2/java/maven/lib/maven-settings-builder-3.0.5.jar
7f47e0035000-7f47e0039000 r--s 0001c000 08:06 5375216                    /home/skwakwa/app/netbeans-8.0.2/java/maven/lib/aether-util-1.13.1.jar
7f47e0039000-7f47e0054000 r--s 000e0000 08:06 5375196                    /home/skwakwa/app/netbeans-8.0.2/java/maven/lib/wagon-http-2.4-shaded.jar
7f47e0054000-7f47e0056000 r--s 00000000 08:06 5374900                    /home/skwakwa/app/netbeans-8.0.2/java/maven/lib/plexus-component-annotations-1.5.5.jar
7f47e0056000-7f47e0058000 r--s 00002000 08:06 5375221                    /home/skwakwa/app/netbeans-8.0.2/java/maven/lib/plexus-cipher-1.7.jar
7f47e0058000-7f47e005a000 r--s 0000a000 08:06 5375203                    /home/skwakwa/app/netbeans-8.0.2/java/maven/lib/maven-settings-3.0.5.jar
7f47e005a000-7f47e0060000 r--s 0002b000 08:06 5375163                    /home/skwakwa/app/netbeans-8.0.2/java/maven/lib/sisu-inject-plexus-2.3.0.jar
7f47e0060000-7f47e0756000 rw-p 00000000 00:00 0 
7f47e0756000-7f47e0916000 r--s 039fb000 08:06 9065447                    /usr/lib/jvm/java-7-oracle/jre/lib/rt.jar
7f47e0916000-7f47e0e3d000 rw-p 00000000 00:00 0 
7f47e0e3d000-7f47e0e3e000 ---p 00000000 00:00 0 
7f47e0e3e000-7f47e0f3e000 rw-p 00000000 00:00 0                          [stack:10766]
7f47e0f3e000-7f47e0f3f000 ---p 00000000 00:00 0 
7f47e0f3f000-7f47e103f000 rw-p 00000000 00:00 0                          [stack:10765]
7f47e103f000-7f47e1040000 ---p 00000000 00:00 0 
7f47e1040000-7f47e1140000 rw-p 00000000 00:00 0                          [stack:10764]
7f47e1140000-7f47e1141000 ---p 00000000 00:00 0 
7f47e1141000-7f47e124d000 rw-p 00000000 00:00 0                          [stack:10763]
7f47e124d000-7f47e126a000 rw-p 00000000 00:00 0 
7f47e126a000-7f47e1293000 rw-p 00000000 00:00 0 
7f47e1293000-7f47e14fd000 rw-p 00000000 00:00 0 
7f47e14fd000-7f47e1509000 rw-p 00000000 00:00 0 
7f47e1509000-7f47e1526000 rw-p 00000000 00:00 0 
7f47e1526000-7f47e154f000 rw-p 00000000 00:00 0 
7f47e154f000-7f47e17b8000 rw-p 00000000 00:00 0 
7f47e17b8000-7f47e1832000 rw-p 00000000 00:00 0 
7f47e1832000-7f47e1902000 rw-p 00000000 00:00 0 
7f47e1902000-7f47e1903000 rw-p 00000000 00:00 0 
7f47e1903000-7f47e191a000 r-xp 00000000 08:06 9198826                    /usr/lib/jvm/java-7-oracle/jre/lib/amd64/libzip.so
7f47e191a000-7f47e1b1a000 ---p 00017000 08:06 9198826                    /usr/lib/jvm/java-7-oracle/jre/lib/amd64/libzip.so
7f47e1b1a000-7f47e1b1b000 rw-p 00017000 08:06 9198826                    /usr/lib/jvm/java-7-oracle/jre/lib/amd64/libzip.so
7f47e1b1b000-7f47e1b26000 r-xp 00000000 08:06 13893722                   /lib/x86_64-linux-gnu/libnss_files-2.19.so
7f47e1b26000-7f47e1d25000 ---p 0000b000 08:06 13893722                   /lib/x86_64-linux-gnu/libnss_files-2.19.so
7f47e1d25000-7f47e1d26000 r--p 0000a000 08:06 13893722                   /lib/x86_64-linux-gnu/libnss_files-2.19.so
7f47e1d26000-7f47e1d27000 rw-p 0000b000 08:06 13893722                   /lib/x86_64-linux-gnu/libnss_files-2.19.so
7f47e1d27000-7f47e1d32000 r-xp 00000000 08:06 13898905                   /lib/x86_64-linux-gnu/libnss_nis-2.19.so
7f47e1d32000-7f47e1f31000 ---p 0000b000 08:06 13898905                   /lib/x86_64-linux-gnu/libnss_nis-2.19.so
7f47e1f31000-7f47e1f32000 r--p 0000a000 08:06 13898905                   /lib/x86_64-linux-gnu/libnss_nis-2.19.so
7f47e1f32000-7f47e1f33000 rw-p 0000b000 08:06 13898905                   /lib/x86_64-linux-gnu/libnss_nis-2.19.so
7f47e1f33000-7f47e1f4a000 r-xp 00000000 08:06 13893731                   /lib/x86_64-linux-gnu/libnsl-2.19.so
7f47e1f4a000-7f47e2149000 ---p 00017000 08:06 13893731                   /lib/x86_64-linux-gnu/libnsl-2.19.so
7f47e2149000-7f47e214a000 r--p 00016000 08:06 13893731                   /lib/x86_64-linux-gnu/libnsl-2.19.so
7f47e214a000-7f47e214b000 rw-p 00017000 08:06 13893731                   /lib/x86_64-linux-gnu/libnsl-2.19.so
7f47e214b000-7f47e214d000 rw-p 00000000 00:00 0 
7f47e214d000-7f47e2156000 r-xp 00000000 08:06 13893730                   /lib/x86_64-linux-gnu/libnss_compat-2.19.so
7f47e2156000-7f47e2355000 ---p 00009000 08:06 13893730                   /lib/x86_64-linux-gnu/libnss_compat-2.19.so
7f47e2355000-7f47e2356000 r--p 00008000 08:06 13893730                   /lib/x86_64-linux-gnu/libnss_compat-2.19.so
7f47e2356000-7f47e2357000 rw-p 00009000 08:06 13893730                   /lib/x86_64-linux-gnu/libnss_compat-2.19.so
7f47e2357000-7f47e2380000 r-xp 00000000 08:06 9198809                    /usr/lib/jvm/java-7-oracle/jre/lib/amd64/libjava.so
7f47e2380000-7f47e2580000 ---p 00029000 08:06 9198809                    /usr/lib/jvm/java-7-oracle/jre/lib/amd64/libjava.so
7f47e2580000-7f47e2582000 rw-p 00029000 08:06 9198809                    /usr/lib/jvm/java-7-oracle/jre/lib/amd64/libjava.so
7f47e2582000-7f47e258f000 r-xp 00000000 08:06 9198785                    /usr/lib/jvm/java-7-oracle/jre/lib/amd64/libverify.so
7f47e258f000-7f47e278e000 ---p 0000d000 08:06 9198785                    /usr/lib/jvm/java-7-oracle/jre/lib/amd64/libverify.so
7f47e278e000-7f47e2790000 rw-p 0000c000 08:06 9198785                    /usr/lib/jvm/java-7-oracle/jre/lib/amd64/libverify.so
7f47e2790000-7f47e2797000 r-xp 00000000 08:06 13897633                   /lib/x86_64-linux-gnu/librt-2.19.so
7f47e2797000-7f47e2996000 ---p 00007000 08:06 13897633                   /lib/x86_64-linux-gnu/librt-2.19.so
7f47e2996000-7f47e2997000 r--p 00006000 08:06 13897633                   /lib/x86_64-linux-gnu/librt-2.19.so
7f47e2997000-7f47e2998000 rw-p 00007000 08:06 13897633                   /lib/x86_64-linux-gnu/librt-2.19.so
7f47e2998000-7f47e2a9d000 r-xp 00000000 08:06 13893721                   /lib/x86_64-linux-gnu/libm-2.19.so
7f47e2a9d000-7f47e2c9c000 ---p 00105000 08:06 13893721                   /lib/x86_64-linux-gnu/libm-2.19.so
7f47e2c9c000-7f47e2c9d000 r--p 00104000 08:06 13893721                   /lib/x86_64-linux-gnu/libm-2.19.so
7f47e2c9d000-7f47e2c9e000 rw-p 00105000 08:06 13893721                   /lib/x86_64-linux-gnu/libm-2.19.so
7f47e2c9e000-7f47e3814000 r-xp 00000000 08:06 9198780                    /usr/lib/jvm/java-7-oracle/jre/lib/amd64/server/libjvm.so
7f47e3814000-7f47e3a13000 ---p 00b76000 08:06 9198780                    /usr/lib/jvm/java-7-oracle/jre/lib/amd64/server/libjvm.so
7f47e3a13000-7f47e3ad7000 rw-p 00b75000 08:06 9198780                    /usr/lib/jvm/java-7-oracle/jre/lib/amd64/server/libjvm.so
7f47e3ad7000-7f47e3b18000 rw-p 00000000 00:00 0 
7f47e3b18000-7f47e3cd3000 r-xp 00000000 08:06 13893736                   /lib/x86_64-linux-gnu/libc-2.19.so
7f47e3cd3000-7f47e3ed2000 ---p 001bb000 08:06 13893736                   /lib/x86_64-linux-gnu/libc-2.19.so
7f47e3ed2000-7f47e3ed6000 r--p 001ba000 08:06 13893736                   /lib/x86_64-linux-gnu/libc-2.19.so
7f47e3ed6000-7f47e3ed8000 rw-p 001be000 08:06 13893736                   /lib/x86_64-linux-gnu/libc-2.19.so
7f47e3ed8000-7f47e3edd000 rw-p 00000000 00:00 0 
7f47e3edd000-7f47e3ee0000 r-xp 00000000 08:06 13893725                   /lib/x86_64-linux-gnu/libdl-2.19.so
7f47e3ee0000-7f47e40df000 ---p 00003000 08:06 13893725                   /lib/x86_64-linux-gnu/libdl-2.19.so
7f47e40df000-7f47e40e0000 r--p 00002000 08:06 13893725                   /lib/x86_64-linux-gnu/libdl-2.19.so
7f47e40e0000-7f47e40e1000 rw-p 00003000 08:06 13893725                   /lib/x86_64-linux-gnu/libdl-2.19.so
7f47e40e1000-7f47e40f6000 r-xp 00000000 08:06 7995695                    /usr/lib/jvm/java-7-oracle/lib/amd64/jli/libjli.so
7f47e40f6000-7f47e42f5000 ---p 00015000 08:06 7995695                    /usr/lib/jvm/java-7-oracle/lib/amd64/jli/libjli.so
7f47e42f5000-7f47e42f6000 rw-p 00014000 08:06 7995695                    /usr/lib/jvm/java-7-oracle/lib/amd64/jli/libjli.so
7f47e42f6000-7f47e430f000 r-xp 00000000 08:06 13897548                   /lib/x86_64-linux-gnu/libpthread-2.19.so
7f47e430f000-7f47e450e000 ---p 00019000 08:06 13897548                   /lib/x86_64-linux-gnu/libpthread-2.19.so
7f47e450e000-7f47e450f000 r--p 00018000 08:06 13897548                   /lib/x86_64-linux-gnu/libpthread-2.19.so
7f47e450f000-7f47e4510000 rw-p 00019000 08:06 13897548                   /lib/x86_64-linux-gnu/libpthread-2.19.so
7f47e4510000-7f47e4514000 rw-p 00000000 00:00 0 
7f47e4514000-7f47e4537000 r-xp 00000000 08:06 13893733                   /lib/x86_64-linux-gnu/ld-2.19.so
7f47e4537000-7f47e4538000 r--p 00000000 00:00 0 
7f47e4538000-7f47e4544000 r--s 0007b000 08:06 5375228                    /home/skwakwa/app/netbeans-8.0.2/java/maven/lib/maven-core-3.0.5.jar
7f47e4544000-7f47e4546000 r--s 0000d000 08:06 5375144                    /home/skwakwa/app/netbeans-8.0.2/java/maven/lib/plexus-interpolation-1.14.jar
7f47e4546000-7f47e4548000 r--s 00009000 08:06 5375202                    /home/skwakwa/app/netbeans-8.0.2/java/maven/lib/maven-embedder-3.0.5.jar
7f47e4548000-7f47e454a000 r--s 00006000 08:06 5375068                    /home/skwakwa/app/netbeans-8.0.2/java/maven/lib/aether-connector-wagon-1.13.1.jar
7f47e454a000-7f47e4552000 r--s 0004e000 08:06 5375174                    /home/skwakwa/app/netbeans-8.0.2/java/maven/lib/sisu-guice-3.1.0-no_aop.jar
7f47e4552000-7f47e4561000 rw-p 00000000 00:00 0 
7f47e4561000-7f47e4612000 rw-p 00000000 00:00 0 
7f47e4612000-7f47e4615000 ---p 00000000 00:00 0 
7f47e4615000-7f47e4717000 rw-p 00000000 00:00 0                          [stack:10762]
7f47e4717000-7f47e4718000 r--s 00002000 08:06 5375233                    /home/skwakwa/app/netbeans-8.0.2/java/maven/lib/wagon-file-2.4.jar
7f47e4718000-7f47e471a000 r--s 0000b000 08:06 5375186                    /home/skwakwa/app/netbeans-8.0.2/java/maven/lib/wagon-provider-api-2.4.jar
7f47e471a000-7f47e471b000 r--s 00003000 08:06 5375223                    /home/skwakwa/app/netbeans-8.0.2/java/maven/lib/aether-spi-1.13.1.jar
7f47e471b000-7f47e471c000 r--s 00006000 08:06 5375143                    /home/skwakwa/app/netbeans-8.0.2/java/maven/lib/plexus-sec-dispatcher-1.3.jar
7f47e471c000-7f47e471d000 r--s 00009000 08:06 5375231                    /home/skwakwa/app/netbeans-8.0.2/java/maven/lib/commons-cli-1.2.jar
7f47e471d000-7f47e471f000 r--s 0000a000 08:06 5375187                    /home/skwakwa/app/netbeans-8.0.2/java/maven/lib/maven-plugin-api-3.0.5.jar
7f47e471f000-7f47e4722000 r--s 0001d000 08:06 5375215                    /home/skwakwa/app/netbeans-8.0.2/java/maven/lib/aether-impl-1.13.1.jar
7f47e4722000-7f47e4728000 r--s 0003e000 08:06 5375217                    /home/skwakwa/app/netbeans-8.0.2/java/maven/lib/maven-compat-3.0.5.jar
7f47e4728000-7f47e472a000 r--s 0000a000 08:06 5375176                    /home/skwakwa/app/netbeans-8.0.2/java/maven/boot/plexus-classworlds-2.4.jar
7f47e472a000-7f47e4732000 rw-s 00000000 08:06 11281047                   /tmp/hsperfdata_skwakwa/10759
7f47e4732000-7f47e4733000 rw-p 00000000 00:00 0 
7f47e4733000-7f47e4734000 ---p 00000000 00:00 0 
7f47e4734000-7f47e4736000 rw-p 00000000 00:00 0 
7f47e4736000-7f47e4737000 r--p 00022000 08:06 13893733                   /lib/x86_64-linux-gnu/ld-2.19.so
7f47e4737000-7f47e4738000 rw-p 00023000 08:06 13893733                   /lib/x86_64-linux-gnu/ld-2.19.so
7f47e4738000-7f47e4739000 rw-p 00000000 00:00 0 
7ffdc6324000-7ffdc6345000 rw-p 00000000 00:00 0                          [stack]
7ffdc63f2000-7ffdc63f4000 r-xp 00000000 00:00 0                          [vdso]
ffffffffff600000-ffffffffff601000 r-xp 00000000 00:00 0                  [vsyscall]

VM Arguments:
jvm_args: -Dclassworlds.conf=/home/skwakwa/app/netbeans-8.0.2/java/maven/bin/m2.conf -Dmaven.home=/home/skwakwa/app/netbeans-8.0.2/java/maven 
java_command: org.codehaus.plexus.classworlds.launcher.Launcher -Dmaven.ext.class.path=/home/skwakwa/app/netbeans-8.0.2/java/maven-nblib/netbeans-eventspy.jar clean install
Launcher Type: SUN_STANDARD

Environment Variables:
JAVA_HOME=/usr/lib/jvm/java-7-oracle
PATH=/usr/local/sbin:/usr/local/bin:/usr/sbin:/usr/bin:/sbin:/bin:/usr/games:/usr/local/games:/usr/lib/jvm/java-7-oracle/bin:/usr/lib/jvm/java-7-oracle/db/bin:/usr/lib/jvm/java-7-oracle/jre/bin
LD_LIBRARY_PATH=/usr/lib/jvm/java-7-oracle/jre/lib/amd64:/usr/lib/jvm/java-7-oracle/jre/lib/i386:
SHELL=/bin/bash
DISPLAY=:0

Signal Handlers:
SIGSEGV: [libjvm.so+0x9a3b20], sa_mask[0]=0x7ffbfeff, sa_flags=0x10000004
SIGBUS: [libjvm.so+0x9a3b20], sa_mask[0]=0x7ffbfeff, sa_flags=0x10000004
SIGFPE: [libjvm.so+0x81e740], sa_mask[0]=0x7ffbfeff, sa_flags=0x10000004
SIGPIPE: [libjvm.so+0x81e740], sa_mask[0]=0x7ffbfeff, sa_flags=0x10000004
SIGXFSZ: [libjvm.so+0x81e740], sa_mask[0]=0x7ffbfeff, sa_flags=0x10000004
SIGILL: [libjvm.so+0x81e740], sa_mask[0]=0x7ffbfeff, sa_flags=0x10000004
SIGUSR1: SIG_DFL, sa_mask[0]=0x00000000, sa_flags=0x00000000
SIGUSR2: [libjvm.so+0x81ffb0], sa_mask[0]=0x00000004, sa_flags=0x10000004
SIGHUP: [libjvm.so+0x8210d0], sa_mask[0]=0x7ffbfeff, sa_flags=0x10000004
SIGINT: SIG_IGN, sa_mask[0]=0x00000000, sa_flags=0x00000000
SIGTERM: [libjvm.so+0x8210d0], sa_mask[0]=0x7ffbfeff, sa_flags=0x10000004
SIGQUIT: [libjvm.so+0x8210d0], sa_mask[0]=0x7ffbfeff, sa_flags=0x10000004


---------------  S Y S T E M  ---------------

OS:jessie/sid

uname:Linux 3.13.0-49-generic #83-Ubuntu SMP Fri Apr 10 20:11:33 UTC 2015 x86_64
libc:glibc 2.19 NPTL 2.19 
rlimit: STACK 8192k, CORE 0k, NPROC 62673, NOFILE 4096, AS infinity
load average:1.63 0.83 0.58

/proc/meminfo:
MemTotal:        8090012 kB
MemFree:          141612 kB
Buffers:             592 kB
Cached:          1201240 kB
SwapCached:            0 kB
Active:          6453896 kB
Inactive:        1190912 kB
Active(anon):    6445740 kB
Inactive(anon):  1181004 kB
Active(file):       8156 kB
Inactive(file):     9908 kB
Unevictable:          48 kB
Mlocked:              48 kB
SwapTotal:             0 kB
SwapFree:              0 kB
Dirty:               424 kB
Writeback:             0 kB
AnonPages:       6443872 kB
Mapped:           415808 kB
Shmem:           1182920 kB
Slab:             137540 kB
SReclaimable:      86468 kB
SUnreclaim:        51072 kB
KernelStack:        6664 kB
PageTables:        70152 kB
NFS_Unstable:          0 kB
Bounce:                0 kB
WritebackTmp:          0 kB
CommitLimit:     4045004 kB
Committed_AS:   13082020 kB
VmallocTotal:   34359738367 kB
VmallocUsed:      562724 kB
VmallocChunk:   34359092332 kB
HardwareCorrupted:     0 kB
AnonHugePages:   2820096 kB
HugePages_Total:       0
HugePages_Free:        0
HugePages_Rsvd:        0
HugePages_Surp:        0
Hugepagesize:       2048 kB
DirectMap4k:       65344 kB
DirectMap2M:     4042752 kB
DirectMap1G:     4194304 kB


CPU:total 4 (2 cores per cpu, 2 threads per core) family 6 model 61 stepping 4, cmov, cx8, fxsr, mmx, sse, sse2, sse3, ssse3, sse4.1, sse4.2, popcnt, avx, avx2, aes, erms, ht, tsc, tscinvbit

/proc/cpuinfo:
processor	: 0
vendor_id	: GenuineIntel
cpu family	: 6
model		: 61
model name	: Intel(R) Core(TM) i5-5200U CPU @ 2.20GHz
stepping	: 4
microcode	: 0x16
cpu MHz		: 2200.000
cache size	: 3072 KB
physical id	: 0
siblings	: 4
core id		: 0
cpu cores	: 2
apicid		: 0
initial apicid	: 0
fpu		: yes
fpu_exception	: yes
cpuid level	: 20
wp		: yes
flags		: fpu vme de pse tsc msr pae mce cx8 apic sep mtrr pge mca cmov pat pse36 clflush dts acpi mmx fxsr sse sse2 ss ht tm pbe syscall nx pdpe1gb rdtscp lm constant_tsc arch_perfmon pebs bts rep_good nopl xtopology nonstop_tsc aperfmperf eagerfpu pni pclmulqdq dtes64 monitor ds_cpl vmx est tm2 ssse3 fma cx16 xtpr pdcm pcid sse4_1 sse4_2 x2apic movbe popcnt tsc_deadline_timer aes xsave avx f16c rdrand lahf_lm abm 3dnowprefetch ida arat epb xsaveopt pln pts dtherm tpr_shadow vnmi flexpriority ept vpid fsgsbase tsc_adjust bmi1 avx2 smep bmi2 erms invpcid rdseed adx smap
bogomips	: 4388.82
clflush size	: 64
cache_alignment	: 64
address sizes	: 39 bits physical, 48 bits virtual
power management:

processor	: 1
vendor_id	: GenuineIntel
cpu family	: 6
model		: 61
model name	: Intel(R) Core(TM) i5-5200U CPU @ 2.20GHz
stepping	: 4
microcode	: 0x16
cpu MHz		: 2200.000
cache size	: 3072 KB
physical id	: 0
siblings	: 4
core id		: 1
cpu cores	: 2
apicid		: 2
initial apicid	: 2
fpu		: yes
fpu_exception	: yes
cpuid level	: 20
wp		: yes
flags		: fpu vme de pse tsc msr pae mce cx8 apic sep mtrr pge mca cmov pat pse36 clflush dts acpi mmx fxsr sse sse2 ss ht tm pbe syscall nx pdpe1gb rdtscp lm constant_tsc arch_perfmon pebs bts rep_good nopl xtopology nonstop_tsc aperfmperf eagerfpu pni pclmulqdq dtes64 monitor ds_cpl vmx est tm2 ssse3 fma cx16 xtpr pdcm pcid sse4_1 sse4_2 x2apic movbe popcnt tsc_deadline_timer aes xsave avx f16c rdrand lahf_lm abm 3dnowprefetch ida arat epb xsaveopt pln pts dtherm tpr_shadow vnmi flexpriority ept vpid fsgsbase tsc_adjust bmi1 avx2 smep bmi2 erms invpcid rdseed adx smap
bogomips	: 4388.82
clflush size	: 64
cache_alignment	: 64
address sizes	: 39 bits physical, 48 bits virtual
power management:

processor	: 2
vendor_id	: GenuineIntel
cpu family	: 6
model		: 61
model name	: Intel(R) Core(TM) i5-5200U CPU @ 2.20GHz
stepping	: 4
microcode	: 0x16
cpu MHz		: 2200.000
cache size	: 3072 KB
physical id	: 0
siblings	: 4
core id		: 0
cpu cores	: 2
apicid		: 1
initial apicid	: 1
fpu		: yes
fpu_exception	: yes
cpuid level	: 20
wp		: yes
flags		: fpu vme de pse tsc msr pae mce cx8 apic sep mtrr pge mca cmov pat pse36 clflush dts acpi mmx fxsr sse sse2 ss ht tm pbe syscall nx pdpe1gb rdtscp lm constant_tsc arch_perfmon pebs bts rep_good nopl xtopology nonstop_tsc aperfmperf eagerfpu pni pclmulqdq dtes64 monitor ds_cpl vmx est tm2 ssse3 fma cx16 xtpr pdcm pcid sse4_1 sse4_2 x2apic movbe popcnt tsc_deadline_timer aes xsave avx f16c rdrand lahf_lm abm 3dnowprefetch ida arat epb xsaveopt pln pts dtherm tpr_shadow vnmi flexpriority ept vpid fsgsbase tsc_adjust bmi1 avx2 smep bmi2 erms invpcid rdseed adx smap
bogomips	: 4388.82
clflush size	: 64
cache_alignment	: 64
address sizes	: 39 bits physical, 48 bits virtual
power management:

processor	: 3
vendor_id	: GenuineIntel
cpu family	: 6
model		: 61
model name	: Intel(R) Core(TM) i5-5200U CPU @ 2.20GHz
stepping	: 4
microcode	: 0x16
cpu MHz		: 900.000
cache size	: 3072 KB
physical id	: 0
siblings	: 4
core id		: 1
cpu cores	: 2
apicid		: 3
initial apicid	: 3
fpu		: yes
fpu_exception	: yes
cpuid level	: 20
wp		: yes
flags		: fpu vme de pse tsc msr pae mce cx8 apic sep mtrr pge mca cmov pat pse36 clflush dts acpi mmx fxsr sse sse2 ss ht tm pbe syscall nx pdpe1gb rdtscp lm constant_tsc arch_perfmon pebs bts rep_good nopl xtopology nonstop_tsc aperfmperf eagerfpu pni pclmulqdq dtes64 monitor ds_cpl vmx est tm2 ssse3 fma cx16 xtpr pdcm pcid sse4_1 sse4_2 x2apic movbe popcnt tsc_deadline_timer aes xsave avx f16c rdrand lahf_lm abm 3dnowprefetch ida arat epb xsaveopt pln pts dtherm tpr_shadow vnmi flexpriority ept vpid fsgsbase tsc_adjust bmi1 avx2 smep bmi2 erms invpcid rdseed adx smap
bogomips	: 4388.82
clflush size	: 64
cache_alignment	: 64
address sizes	: 39 bits physical, 48 bits virtual
power management:



Memory: 4k page, physical 8090012k(141612k free), swap 0k(0k free)

vm_info: Java HotSpot(TM) 64-Bit Server VM (24.80-b11) for linux-amd64 JRE (1.7.0_80-b15), built on Apr 10 2015 19:53:14 by "java_re" with gcc 4.3.0 20080428 (Red Hat 4.3.0-8)

time: Fri Jun 12 13:06:12 2015
elapsed time: 13 seconds

